<?xml version="1.0" encoding="UTF-8"?>
<!-- Generated by org.testng.reporters.JUnitXMLReporter -->
<testsuite hostname="maryna" ignored="0" name="Positive Login Tests" tests="1" failures="1" timestamp="27 lut 2020 21:22:44 GMT" time="1.045" errors="0">
  <testcase name="asUserLoginUsingValidLoginAndPassword" time="0.159" classname="Tests.PositiveLoginTests">
    <failure type="java.lang.NullPointerException">
      <![CDATA[java.lang.NullPointerException
at org.openqa.selenium.support.pagefactory.DefaultElementLocator.findElement(DefaultElementLocator.java:69)
at org.openqa.selenium.support.pagefactory.internal.LocatingElementHandler.invoke(LocatingElementHandler.java:38)
at com.sun.proxy.$Proxy24.isDisplayed(Unknown Source)
at org.openqa.selenium.support.ui.ExpectedConditions.elementIfVisible(ExpectedConditions.java:314)
at org.openqa.selenium.support.ui.ExpectedConditions.access$000(ExpectedConditions.java:43)
at org.openqa.selenium.support.ui.ExpectedConditions$10.apply(ExpectedConditions.java:300)
at org.openqa.selenium.support.ui.ExpectedConditions$10.apply(ExpectedConditions.java:297)
at org.openqa.selenium.support.ui.FluentWait.until(FluentWait.java:249)
at Waits.WaitForElement.waitUntilElementIsVisible(WaitForElement.java:16)
at PageObjects.LoginPage.LoginPageMethods.typeIntoUserNameField(LoginPageMethods.java:19)
at Tests.PositiveLoginTests.asUserLoginUsingValidLoginAndPassword(PositiveLoginTests.java:22)
... Removed 29 stack frames]]>
    </failure>
  </testcase> <!-- asUserLoginUsingValidLoginAndPassword -->
</testsuite> <!-- Positive Login Tests -->
