<?xml version="1.0" encoding="UTF-8"?>
<testng-results ignored="0" total="2" passed="2" failed="0" skipped="0">
  <reporter-output>
  </reporter-output>
  <suite started-at="2019-11-25T22:32:32Z" name="All Pet Store Tests" finished-at="2019-11-25T22:32:40Z" duration-ms="7944">
    <groups>
    </groups>
    <test started-at="2019-11-25T22:32:32Z" name="Negative Login Tests" finished-at="2019-11-25T22:32:38Z" duration-ms="5735">
      <class name="tests.FailedLoginTests">
        <test-method is-config="true" signature="beforeClass()[pri:0, instance:tests.FailedLoginTests@68ed96ca]" started-at="2019-11-25T22:32:32Z" name="beforeClass" finished-at="2019-11-25T22:32:33Z" duration-ms="907" status="PASS">
          <reporter-output>
          </reporter-output>
        </test-method> <!-- beforeClass -->
        <test-method is-config="true" signature="beforeTest()[pri:0, instance:tests.FailedLoginTests@68ed96ca]" started-at="2019-11-25T22:32:33Z" name="beforeTest" finished-at="2019-11-25T22:32:35Z" duration-ms="2578" status="PASS">
          <reporter-output>
          </reporter-output>
        </test-method> <!-- beforeTest -->
        <test-method signature="asUserTryToLogInWithIncorrectLoginAndPassword()[pri:0, instance:tests.FailedLoginTests@68ed96ca]" started-at="2019-11-25T22:32:36Z" name="asUserTryToLogInWithIncorrectLoginAndPassword" finished-at="2019-11-25T22:32:38Z" duration-ms="1678" status="PASS">
          <reporter-output>
          </reporter-output>
        </test-method> <!-- asUserTryToLogInWithIncorrectLoginAndPassword -->
        <test-method is-config="true" signature="afterTest()[pri:0, instance:tests.FailedLoginTests@68ed96ca]" started-at="2019-11-25T22:32:38Z" name="afterTest" finished-at="2019-11-25T22:32:38Z" duration-ms="137" status="PASS">
          <reporter-output>
          </reporter-output>
        </test-method> <!-- afterTest -->
      </class> <!-- tests.FailedLoginTests -->
    </test> <!-- Negative Login Tests -->
    <test started-at="2019-11-25T22:32:38Z" name="Positive Login Tests" finished-at="2019-11-25T22:32:40Z" duration-ms="2168">
      <class name="tests.PositiveLoginTests">
        <test-method is-config="true" signature="beforeClass()[pri:0, instance:tests.PositiveLoginTests@3a7704c]" started-at="2019-11-25T22:32:38Z" name="beforeClass" finished-at="2019-11-25T22:32:38Z" duration-ms="2" status="PASS">
          <reporter-output>
          </reporter-output>
        </test-method> <!-- beforeClass -->
        <test-method is-config="true" signature="beforeTest()[pri:0, instance:tests.PositiveLoginTests@3a7704c]" started-at="2019-11-25T22:32:38Z" name="beforeTest" finished-at="2019-11-25T22:32:39Z" duration-ms="1088" status="PASS">
          <reporter-output>
          </reporter-output>
        </test-method> <!-- beforeTest -->
        <test-method signature="asUserLoginUsingValidLoginAndPassword()[pri:0, instance:tests.PositiveLoginTests@3a7704c]" started-at="2019-11-25T22:32:39Z" name="asUserLoginUsingValidLoginAndPassword" finished-at="2019-11-25T22:32:40Z" duration-ms="953" status="PASS">
          <reporter-output>
          </reporter-output>
        </test-method> <!-- asUserLoginUsingValidLoginAndPassword -->
        <test-method is-config="true" signature="afterTest()[pri:0, instance:tests.PositiveLoginTests@3a7704c]" started-at="2019-11-25T22:32:40Z" name="afterTest" finished-at="2019-11-25T22:32:40Z" duration-ms="113" status="PASS">
          <reporter-output>
          </reporter-output>
        </test-method> <!-- afterTest -->
      </class> <!-- tests.PositiveLoginTests -->
    </test> <!-- Positive Login Tests -->
  </suite> <!-- All Pet Store Tests -->
</testng-results>
