-------------------------------------------------------------------------------
Test set: TestSuite
-------------------------------------------------------------------------------
Tests run: 2, Failures: 2, Errors: 0, Skipped: 0, Time elapsed: 5.655 s <<< FAILURE! - in TestSuite
asUserTryToLogInWithIncorrectLoginAndPassword(Tests.FailedLoginTests)  Time elapsed: 0.216 s  <<< FAILURE!
java.lang.NullPointerException
	at Tests.FailedLoginTests.asUserTryToLogInWithIncorrectLoginAndPassword(FailedLoginTests.java:22)

asUserLoginUsingValidLoginAndPassword(Tests.PositiveLoginTests)  Time elapsed: 0.16 s  <<< FAILURE!
java.lang.NullPointerException
	at Tests.PositiveLoginTests.asUserLoginUsingValidLoginAndPassword(PositiveLoginTests.java:22)

