<?xml version="1.0" encoding="UTF-8"?>
<testsuite xmlns:xsi="http://www.w3.org/2001/XMLSchema-instance" xsi:noNamespaceSchemaLocation="https://maven.apache.org/surefire/maven-surefire-plugin/xsd/surefire-test-report.xsd" name="TestSuite" time="5.655" tests="2" errors="0" skipped="0" failures="2">
  <properties>
[...]
</properties>
  <testcase name="asUserTryToLogInWithIncorrectLoginAndPassword" classname="Tests.FailedLoginTests" time="0.216">
    <failure type="java.lang.NullPointerException">java.lang.NullPointerException
	at Tests.FailedLoginTests.asUserTryToLogInWithIncorrectLoginAndPassword(FailedLoginTests.java:22)
</failure>
    <system-out><![CDATA[[INFO ] 2020-02-27 22:22:40.535 [main] Configuration.PropertiesLoader - Trying to load properties with file name: configuration.properties
[INFO ] 2020-02-27 22:22:40.544 [main] Configuration.PropertiesLoader - Successfully loaded properties for file: configuration.properties
]]></system-out>
    <system-err><![CDATA[Starting ChromeDriver 79.0.3945.36 (3582db32b33893869b8c1339e8f4d9ed1816f143-refs/branch-heads/3945@{#614}) on port 10988
Only local connections are allowed.
Please protect ports used by ChromeDriver and related test frameworks to prevent access by malicious code.
lut 27, 2020 10:22:41 PM org.openqa.selenium.remote.ProtocolHandshake createSession
INFO: Detected dialect: W3C
]]></system-err>
  </testcase>
  <testcase name="asUserLoginUsingValidLoginAndPassword" classname="Tests.PositiveLoginTests" time="0.16">
    <failure type="java.lang.NullPointerException">java.lang.NullPointerException
	at Tests.PositiveLoginTests.asUserLoginUsingValidLoginAndPassword(PositiveLoginTests.java:22)
</failure>
    <system-out><![CDATA[[INFO ] 2020-02-27 22:22:43.274 [main] Configuration.PropertiesLoader - Trying to load properties with file name: configuration.properties
[INFO ] 2020-02-27 22:22:43.274 [main] Configuration.PropertiesLoader - Successfully loaded properties for file: configuration.properties
]]></system-out>
    <system-err><![CDATA[Starting ChromeDriver 79.0.3945.36 (3582db32b33893869b8c1339e8f4d9ed1816f143-refs/branch-heads/3945@{#614}) on port 11852
Only local connections are allowed.
Please protect ports used by ChromeDriver and related test frameworks to prevent access by malicious code.
lut 27, 2020 10:22:43 PM org.openqa.selenium.remote.ProtocolHandshake createSession
INFO: Detected dialect: W3C
]]></system-err>
  </testcase>
</testsuite>